This file contains any messages produced by compilers while
running configure, to aid debugging if configure makes a mistake.

It was created by argtable2 configure 13, which was
generated by GNU Autoconf 2.65.  Invocation command line was

  $ ./configure 

## --------- ##
## Platform. ##
## --------- ##

hostname = jtarraga
uname -m = x86_64
uname -r = 3.2.0-29-generic
uname -s = Linux
uname -v = #46-Ubuntu SMP Fri Jul 27 17:03:23 UTC 2012

/usr/bin/uname -p = unknown
/bin/uname -X     = unknown

/bin/arch              = unknown
/usr/bin/arch -k       = unknown
/usr/convex/getsysinfo = unknown
/usr/bin/hostinfo      = unknown
/bin/machine           = unknown
/usr/bin/oslevel       = unknown
/bin/universe          = unknown

PATH: /usr/local/sbin
PATH: /usr/local/bin
PATH: /usr/sbin
PATH: /usr/bin
PATH: /sbin
PATH: /bin
PATH: /usr/games


## ----------- ##
## Core tests. ##
## ----------- ##

configure:2400: checking build system type
configure:2414: result: x86_64-unknown-linux-gnu
configure:2434: checking host system type
configure:2447: result: x86_64-unknown-linux-gnu
configure:2467: checking target system type
configure:2480: result: x86_64-unknown-linux-gnu
configure:2522: checking for a BSD-compatible install
configure:2590: result: /usr/bin/install -c
configure:2601: checking whether build environment is sane
configure:2638: result: yes
configure:2663: checking for a thread-safe mkdir -p
configure:2702: result: /bin/mkdir -p
configure:2715: checking for gawk
configure:2731: found /usr/bin/gawk
configure:2742: result: gawk
configure:2753: checking whether make sets $(MAKE)
configure:2775: result: yes
configure:3012: checking for gcc
configure:3028: found /usr/bin/gcc
configure:3039: result: gcc
configure:3268: checking for C compiler version
configure:3277: gcc --version >&5
gcc (Ubuntu/Linaro 4.6.3-1ubuntu5) 4.6.3
Copyright (C) 2011 Free Software Foundation, Inc.
This is free software; see the source for copying conditions.  There is NO
warranty; not even for MERCHANTABILITY or FITNESS FOR A PARTICULAR PURPOSE.

configure:3288: $? = 0
configure:3277: gcc -v >&5
Using built-in specs.
COLLECT_GCC=gcc
COLLECT_LTO_WRAPPER=/usr/lib/gcc/x86_64-linux-gnu/4.6/lto-wrapper
Target: x86_64-linux-gnu
Configured with: ../src/configure -v --with-pkgversion='Ubuntu/Linaro 4.6.3-1ubuntu5' --with-bugurl=file:///usr/share/doc/gcc-4.6/README.Bugs --enable-languages=c,c++,fortran,objc,obj-c++ --prefix=/usr --program-suffix=-4.6 --enable-shared --enable-linker-build-id --with-system-zlib --libexecdir=/usr/lib --without-included-gettext --enable-threads=posix --with-gxx-include-dir=/usr/include/c++/4.6 --libdir=/usr/lib --enable-nls --with-sysroot=/ --enable-clocale=gnu --enable-libstdcxx-debug --enable-libstdcxx-time=yes --enable-gnu-unique-object --enable-plugin --enable-objc-gc --disable-werror --with-arch-32=i686 --with-tune=generic --enable-checking=release --build=x86_64-linux-gnu --host=x86_64-linux-gnu --target=x86_64-linux-gnu
Thread model: posix
gcc version 4.6.3 (Ubuntu/Linaro 4.6.3-1ubuntu5) 
configure:3288: $? = 0
configure:3277: gcc -V >&5
gcc: error: unrecognized option '-V'
gcc: fatal error: no input files
compilation terminated.
configure:3288: $? = 4
configure:3277: gcc -qversion >&5
gcc: error: unrecognized option '-qversion'
gcc: fatal error: no input files
compilation terminated.
configure:3288: $? = 4
configure:3308: checking whether the C compiler works
configure:3330: gcc    conftest.c  >&5
configure:3334: $? = 0
configure:3383: result: yes
configure:3386: checking for C compiler default output file name
configure:3388: result: a.out
configure:3394: checking for suffix of executables
configure:3401: gcc -o conftest    conftest.c  >&5
configure:3405: $? = 0
configure:3427: result: 
configure:3449: checking whether we are cross compiling
configure:3457: gcc -o conftest    conftest.c  >&5
configure:3461: $? = 0
configure:3468: ./conftest
configure:3472: $? = 0
configure:3487: result: no
configure:3492: checking for suffix of object files
configure:3514: gcc -c   conftest.c >&5
configure:3518: $? = 0
configure:3539: result: o
configure:3543: checking whether we are using the GNU C compiler
configure:3562: gcc -c   conftest.c >&5
configure:3562: $? = 0
configure:3571: result: yes
configure:3580: checking whether gcc accepts -g
configure:3600: gcc -c -g  conftest.c >&5
configure:3600: $? = 0
configure:3641: result: yes
configure:3658: checking for gcc option to accept ISO C89
configure:3722: gcc  -c -g -O2  conftest.c >&5
configure:3722: $? = 0
configure:3735: result: none needed
configure:3766: checking for style of include used by make
configure:3794: result: GNU
configure:3819: checking dependency style of gcc
configure:3910: result: gcc3
configure:3950: checking for a sed that does not truncate output
configure:4014: result: /bin/sed
configure:4032: checking for grep that handles long lines and -e
configure:4090: result: /bin/grep
configure:4095: checking for egrep
configure:4157: result: /bin/grep -E
configure:4162: checking for fgrep
configure:4224: result: /bin/grep -F
configure:4259: checking for ld used by gcc
configure:4326: result: /usr/bin/ld
configure:4333: checking if the linker (/usr/bin/ld) is GNU ld
configure:4348: result: yes
configure:4360: checking for BSD- or MS-compatible name lister (nm)
configure:4409: result: /usr/bin/nm -B
configure:4527: checking the name lister (/usr/bin/nm -B) interface
configure:4534: gcc -c -g -O2  conftest.c >&5
configure:4537: /usr/bin/nm -B "conftest.o"
configure:4540: output
0000000000000000 B some_variable
configure:4547: result: BSD nm
configure:4550: checking whether ln -s works
configure:4554: result: yes
configure:4562: checking the maximum length of command line arguments
configure:4682: result: 1572864
configure:4699: checking whether the shell understands some XSI constructs
configure:4709: result: yes
configure:4713: checking whether the shell understands "+="
configure:4719: result: yes
configure:4754: checking for /usr/bin/ld option to reload object files
configure:4761: result: -r
configure:4830: checking for objdump
configure:4846: found /usr/bin/objdump
configure:4857: result: objdump
configure:4889: checking how to recognize dependent libraries
configure:5085: result: pass_all
configure:5145: checking for ar
configure:5161: found /usr/bin/ar
configure:5172: result: ar
configure:5250: checking for strip
configure:5266: found /usr/bin/strip
configure:5277: result: strip
configure:5349: checking for ranlib
configure:5365: found /usr/bin/ranlib
configure:5376: result: ranlib
configure:5466: checking command to parse /usr/bin/nm -B output from gcc object
configure:5584: gcc -c -g -O2  conftest.c >&5
configure:5587: $? = 0
configure:5591: /usr/bin/nm -B conftest.o \| sed -n -e 's/^.*[	 ]\([ABCDGIRSTW][ABCDGIRSTW]*\)[	 ][	 ]*\([_A-Za-z][_A-Za-z0-9]*\)$/\1 \2 \2/p' \> conftest.nm
configure:5594: $? = 0
configure:5648: gcc -o conftest -g -O2   conftest.c conftstm.o >&5
configure:5651: $? = 0
configure:5689: result: ok
configure:5785: gcc -c -g -O2  conftest.c >&5
configure:5788: $? = 0
configure:6498: checking how to run the C preprocessor
configure:6529: gcc -E  conftest.c
configure:6529: $? = 0
configure:6543: gcc -E  conftest.c
conftest.c:11:28: fatal error: ac_nonexistent.h: No such file or directory
compilation terminated.
configure:6543: $? = 1
configure: failed program was:
| /* confdefs.h */
| #define PACKAGE_NAME "argtable2"
| #define PACKAGE_TARNAME "argtable2"
| #define PACKAGE_VERSION "13"
| #define PACKAGE_STRING "argtable2 13"
| #define PACKAGE_BUGREPORT "sheitmann@users.sourceforge.net"
| #define PACKAGE_URL ""
| #define PACKAGE "argtable2"
| #define VERSION "13"
| /* end confdefs.h.  */
| #include <ac_nonexistent.h>
configure:6568: result: gcc -E
configure:6588: gcc -E  conftest.c
configure:6588: $? = 0
configure:6602: gcc -E  conftest.c
conftest.c:11:28: fatal error: ac_nonexistent.h: No such file or directory
compilation terminated.
configure:6602: $? = 1
configure: failed program was:
| /* confdefs.h */
| #define PACKAGE_NAME "argtable2"
| #define PACKAGE_TARNAME "argtable2"
| #define PACKAGE_VERSION "13"
| #define PACKAGE_STRING "argtable2 13"
| #define PACKAGE_BUGREPORT "sheitmann@users.sourceforge.net"
| #define PACKAGE_URL ""
| #define PACKAGE "argtable2"
| #define VERSION "13"
| /* end confdefs.h.  */
| #include <ac_nonexistent.h>
configure:6631: checking for ANSI C header files
configure:6651: gcc -c -g -O2  conftest.c >&5
configure:6651: $? = 0
configure:6724: gcc -o conftest -g -O2   conftest.c  >&5
configure:6724: $? = 0
configure:6724: ./conftest
configure:6724: $? = 0
configure:6735: result: yes
configure:6748: checking for sys/types.h
configure:6748: gcc -c -g -O2  conftest.c >&5
configure:6748: $? = 0
configure:6748: result: yes
configure:6748: checking for sys/stat.h
configure:6748: gcc -c -g -O2  conftest.c >&5
configure:6748: $? = 0
configure:6748: result: yes
configure:6748: checking for stdlib.h
configure:6748: gcc -c -g -O2  conftest.c >&5
configure:6748: $? = 0
configure:6748: result: yes
configure:6748: checking for string.h
configure:6748: gcc -c -g -O2  conftest.c >&5
configure:6748: $? = 0
configure:6748: result: yes
configure:6748: checking for memory.h
configure:6748: gcc -c -g -O2  conftest.c >&5
configure:6748: $? = 0
configure:6748: result: yes
configure:6748: checking for strings.h
configure:6748: gcc -c -g -O2  conftest.c >&5
configure:6748: $? = 0
configure:6748: result: yes
configure:6748: checking for inttypes.h
configure:6748: gcc -c -g -O2  conftest.c >&5
configure:6748: $? = 0
configure:6748: result: yes
configure:6748: checking for stdint.h
configure:6748: gcc -c -g -O2  conftest.c >&5
configure:6748: $? = 0
configure:6748: result: yes
configure:6748: checking for unistd.h
configure:6748: gcc -c -g -O2  conftest.c >&5
configure:6748: $? = 0
configure:6748: result: yes
configure:6763: checking for dlfcn.h
configure:6763: gcc -c -g -O2  conftest.c >&5
configure:6763: $? = 0
configure:6763: result: yes
configure:6947: checking for objdir
configure:6962: result: .libs
configure:7258: checking if gcc supports -fno-rtti -fno-exceptions
configure:7276: gcc -c -g -O2  -fno-rtti -fno-exceptions conftest.c >&5
cc1: warning: command line option '-fno-rtti' is valid for C++/ObjC++ but not for C [enabled by default]
configure:7280: $? = 0
configure:7293: result: no
configure:7313: checking for gcc option to produce PIC
configure:7585: result: -fPIC -DPIC
configure:7597: checking if gcc PIC flag -fPIC -DPIC works
configure:7615: gcc -c -g -O2  -fPIC -DPIC -DPIC conftest.c >&5
configure:7619: $? = 0
configure:7632: result: yes
configure:7656: checking if gcc static flag -static works
configure:7684: result: yes
configure:7699: checking if gcc supports -c -o file.o
configure:7720: gcc -c -g -O2  -o out/conftest2.o conftest.c >&5
configure:7724: $? = 0
configure:7746: result: yes
configure:7754: checking if gcc supports -c -o file.o
configure:7801: result: yes
configure:7834: checking whether the gcc linker (/usr/bin/ld -m elf_x86_64) supports shared libraries
configure:8825: result: yes
configure:8862: checking whether -lc should be explicitly linked in
configure:8867: gcc -c -g -O2  conftest.c >&5
configure:8870: $? = 0
configure:8885: gcc -shared conftest.o  -v -Wl,-soname -Wl,conftest -o conftest 2\>\&1 \| /bin/grep  -lc  \>/dev/null 2\>\&1
configure:8888: $? = 0
configure:8900: result: no
configure:9064: checking dynamic linker characteristics
configure:9497: gcc -o conftest -g -O2   -Wl,-rpath -Wl,/foo conftest.c  >&5
configure:9497: $? = 0
configure:9727: result: GNU/Linux ld.so
configure:9829: checking how to hardcode library paths into programs
configure:9854: result: immediate
configure:10374: checking whether stripping libraries is possible
configure:10379: result: yes
configure:10414: checking if libtool supports shared libraries
configure:10416: result: yes
configure:10419: checking whether to build shared libraries
configure:10440: result: yes
configure:10443: checking whether to build static libraries
configure:10447: result: yes
configure:10482: checking whether make sets $(MAKE)
configure:10504: result: yes
configure:10517: checking for ANSI C header files
configure:10621: result: yes
configure:10632: checking libintl.h usability
configure:10632: gcc -c -g -O2  conftest.c >&5
configure:10632: $? = 0
configure:10632: result: yes
configure:10632: checking libintl.h presence
configure:10632: gcc -E  conftest.c
configure:10632: $? = 0
configure:10632: result: yes
configure:10632: checking for libintl.h
configure:10632: result: yes
configure:10632: checking for stdlib.h
configure:10632: result: yes
configure:10632: checking for string.h
configure:10632: result: yes
configure:10632: checking for strings.h
configure:10632: result: yes
configure:10632: checking for unistd.h
configure:10632: result: yes
configure:10632: checking getopt.h usability
configure:10632: gcc -c -g -O2  conftest.c >&5
configure:10632: $? = 0
configure:10632: result: yes
configure:10632: checking getopt.h presence
configure:10632: gcc -E  conftest.c
configure:10632: $? = 0
configure:10632: result: yes
configure:10632: checking for getopt.h
configure:10632: result: yes
configure:10645: checking for an ANSI C-conforming const
configure:10710: gcc -c -g -O2  conftest.c >&5
configure:10710: $? = 0
configure:10717: result: yes
configure:10725: checking for size_t
configure:10725: gcc -c -g -O2  conftest.c >&5
configure:10725: $? = 0
configure:10725: gcc -c -g -O2  conftest.c >&5
conftest.c: In function 'main':
conftest.c:66:21: error: expected expression before ')' token
configure:10725: $? = 1
configure: failed program was:
| /* confdefs.h */
| #define PACKAGE_NAME "argtable2"
| #define PACKAGE_TARNAME "argtable2"
| #define PACKAGE_VERSION "13"
| #define PACKAGE_STRING "argtable2 13"
| #define PACKAGE_BUGREPORT "sheitmann@users.sourceforge.net"
| #define PACKAGE_URL ""
| #define PACKAGE "argtable2"
| #define VERSION "13"
| #define STDC_HEADERS 1
| #define HAVE_SYS_TYPES_H 1
| #define HAVE_SYS_STAT_H 1
| #define HAVE_STDLIB_H 1
| #define HAVE_STRING_H 1
| #define HAVE_MEMORY_H 1
| #define HAVE_STRINGS_H 1
| #define HAVE_INTTYPES_H 1
| #define HAVE_STDINT_H 1
| #define HAVE_UNISTD_H 1
| #define HAVE_DLFCN_H 1
| #define LT_OBJDIR ".libs/"
| #define STDC_HEADERS 1
| #define HAVE_LIBINTL_H 1
| #define HAVE_STDLIB_H 1
| #define HAVE_STRING_H 1
| #define HAVE_STRINGS_H 1
| #define HAVE_UNISTD_H 1
| #define HAVE_GETOPT_H 1
| /* end confdefs.h.  */
| #include <stdio.h>
| #ifdef HAVE_SYS_TYPES_H
| # include <sys/types.h>
| #endif
| #ifdef HAVE_SYS_STAT_H
| # include <sys/stat.h>
| #endif
| #ifdef STDC_HEADERS
| # include <stdlib.h>
| # include <stddef.h>
| #else
| # ifdef HAVE_STDLIB_H
| #  include <stdlib.h>
| # endif
| #endif
| #ifdef HAVE_STRING_H
| # if !defined STDC_HEADERS && defined HAVE_MEMORY_H
| #  include <memory.h>
| # endif
| # include <string.h>
| #endif
| #ifdef HAVE_STRINGS_H
| # include <strings.h>
| #endif
| #ifdef HAVE_INTTYPES_H
| # include <inttypes.h>
| #endif
| #ifdef HAVE_STDINT_H
| # include <stdint.h>
| #endif
| #ifdef HAVE_UNISTD_H
| # include <unistd.h>
| #endif
| int
| main ()
| {
| if (sizeof ((size_t)))
| 	    return 0;
|   ;
|   return 0;
| }
configure:10725: result: yes
configure:10736: checking whether struct tm is in sys/time.h or time.h
configure:10756: gcc -c -g -O2  conftest.c >&5
configure:10756: $? = 0
configure:10763: result: time.h
configure:10775: checking for strftime
configure:10775: gcc -o conftest -g -O2   conftest.c  >&5
conftest.c:53:6: warning: conflicting types for built-in function 'strftime' [enabled by default]
configure:10775: $? = 0
configure:10775: result: yes
configure:10828: checking for working strtod
configure:10869: gcc -o conftest -g -O2   conftest.c  >&5
conftest.c: In function 'main':
conftest.c:86:12: warning: ignoring return value of 'strtod', declared with attribute warn_unused_result [-Wunused-result]
configure:10869: $? = 0
configure:10869: ./conftest
configure:10869: $? = 0
configure:10879: result: yes
configure:10944: checking for bzero
configure:10944: gcc -o conftest -g -O2   conftest.c  >&5
conftest.c:54:6: warning: conflicting types for built-in function 'bzero' [enabled by default]
configure:10944: $? = 0
configure:10944: result: yes
configure:10944: checking for strchr
configure:10944: gcc -o conftest -g -O2   conftest.c  >&5
conftest.c:55:6: warning: conflicting types for built-in function 'strchr' [enabled by default]
configure:10944: $? = 0
configure:10944: result: yes
configure:10944: checking for strcspn
configure:10944: gcc -o conftest -g -O2   conftest.c  >&5
conftest.c:56:6: warning: conflicting types for built-in function 'strcspn' [enabled by default]
configure:10944: $? = 0
configure:10944: result: yes
configure:10944: checking for strrchr
configure:10944: gcc -o conftest -g -O2   conftest.c  >&5
conftest.c:57:6: warning: conflicting types for built-in function 'strrchr' [enabled by default]
configure:10944: $? = 0
configure:10944: result: yes
configure:10944: checking for strtol
configure:10944: gcc -o conftest -g -O2   conftest.c  >&5
configure:10944: $? = 0
configure:10944: result: yes
configure:10954: checking for getopt_long
configure:10954: gcc -o conftest -g -O2   conftest.c  >&5
configure:10954: $? = 0
configure:10954: result: yes
configure:10961: checking for regcomp
configure:10961: gcc -o conftest -g -O2   conftest.c  >&5
configure:10961: $? = 0
configure:10961: result: yes
configure:10968: checking for strptime
configure:10968: gcc -o conftest -g -O2   conftest.c  >&5
configure:10968: $? = 0
configure:10968: result: yes
configure:11151: creating ./config.status

## ---------------------- ##
## Running config.status. ##
## ---------------------- ##

This file was extended by argtable2 config.status 13, which was
generated by GNU Autoconf 2.65.  Invocation command line was

  CONFIG_FILES    = 
  CONFIG_HEADERS  = 
  CONFIG_LINKS    = 
  CONFIG_COMMANDS = 
  $ ./config.status 

on jtarraga

config.status:1094: creating Makefile
config.status:1094: creating example/Makefile
config.status:1094: creating src/Makefile
config.status:1094: creating doc/Makefile
config.status:1094: creating doc/argtable2.3
config.status:1094: creating doc/argtable2.html
config.status:1094: creating tests/Makefile
config.status:1094: creating argtable2.pc
config.status:1094: creating argtable2-uninstalled.pc
config.status:1094: creating src/config.h
config.status:1314: executing depfiles commands
config.status:1314: executing libtool commands

## ---------------- ##
## Cache variables. ##
## ---------------- ##

ac_cv_build=x86_64-unknown-linux-gnu
ac_cv_c_compiler_gnu=yes
ac_cv_c_const=yes
ac_cv_env_CC_set=
ac_cv_env_CC_value=
ac_cv_env_CFLAGS_set=
ac_cv_env_CFLAGS_value=
ac_cv_env_CPPFLAGS_set=
ac_cv_env_CPPFLAGS_value=
ac_cv_env_CPP_set=
ac_cv_env_CPP_value=
ac_cv_env_LDFLAGS_set=
ac_cv_env_LDFLAGS_value=
ac_cv_env_LIBS_set=
ac_cv_env_LIBS_value=
ac_cv_env_build_alias_set=
ac_cv_env_build_alias_value=
ac_cv_env_docdir_set=set
ac_cv_env_docdir_value='${datarootdir}/doc/${PACKAGE_TARNAME}'
ac_cv_env_host_alias_set=
ac_cv_env_host_alias_value=
ac_cv_env_target_alias_set=
ac_cv_env_target_alias_value=
ac_cv_func_bzero=yes
ac_cv_func_getopt_long=yes
ac_cv_func_regcomp=yes
ac_cv_func_strchr=yes
ac_cv_func_strcspn=yes
ac_cv_func_strftime=yes
ac_cv_func_strptime=yes
ac_cv_func_strrchr=yes
ac_cv_func_strtod=yes
ac_cv_func_strtol=yes
ac_cv_header_dlfcn_h=yes
ac_cv_header_getopt_h=yes
ac_cv_header_inttypes_h=yes
ac_cv_header_libintl_h=yes
ac_cv_header_memory_h=yes
ac_cv_header_stdc=yes
ac_cv_header_stdint_h=yes
ac_cv_header_stdlib_h=yes
ac_cv_header_string_h=yes
ac_cv_header_strings_h=yes
ac_cv_header_sys_stat_h=yes
ac_cv_header_sys_types_h=yes
ac_cv_header_unistd_h=yes
ac_cv_host=x86_64-unknown-linux-gnu
ac_cv_objext=o
ac_cv_path_EGREP='/bin/grep -E'
ac_cv_path_FGREP='/bin/grep -F'
ac_cv_path_GREP=/bin/grep
ac_cv_path_SED=/bin/sed
ac_cv_path_install='/usr/bin/install -c'
ac_cv_path_mkdir=/bin/mkdir
ac_cv_prog_AWK=gawk
ac_cv_prog_CPP='gcc -E'
ac_cv_prog_ac_ct_AR=ar
ac_cv_prog_ac_ct_CC=gcc
ac_cv_prog_ac_ct_OBJDUMP=objdump
ac_cv_prog_ac_ct_RANLIB=ranlib
ac_cv_prog_ac_ct_STRIP=strip
ac_cv_prog_cc_c89=
ac_cv_prog_cc_g=yes
ac_cv_prog_make_make_set=yes
ac_cv_struct_tm=time.h
ac_cv_target=x86_64-unknown-linux-gnu
ac_cv_type_size_t=yes
am_cv_CC_dependencies_compiler_type=gcc3
lt_cv_deplibs_check_method=pass_all
lt_cv_file_magic_cmd='$MAGIC_CMD'
lt_cv_file_magic_test_file=
lt_cv_ld_reload_flag=-r
lt_cv_nm_interface='BSD nm'
lt_cv_objdir=.libs
lt_cv_path_LD=/usr/bin/ld
lt_cv_path_NM='/usr/bin/nm -B'
lt_cv_prog_compiler_c_o=yes
lt_cv_prog_compiler_pic_works=yes
lt_cv_prog_compiler_rtti_exceptions=no
lt_cv_prog_compiler_static_works=yes
lt_cv_prog_gnu_ld=yes
lt_cv_sys_global_symbol_pipe='sed -n -e '\''s/^.*[	 ]\([ABCDGIRSTW][ABCDGIRSTW]*\)[	 ][	 ]*\([_A-Za-z][_A-Za-z0-9]*\)$/\1 \2 \2/p'\'''
lt_cv_sys_global_symbol_to_c_name_address='sed -n -e '\''s/^: \([^ ]*\) $/  {\"\1\", (void *) 0},/p'\'' -e '\''s/^[ABCDGIRSTW]* \([^ ]*\) \([^ ]*\)$/  {"\2", (void *) \&\2},/p'\'''
lt_cv_sys_global_symbol_to_c_name_address_lib_prefix='sed -n -e '\''s/^: \([^ ]*\) $/  {\"\1\", (void *) 0},/p'\'' -e '\''s/^[ABCDGIRSTW]* \([^ ]*\) \(lib[^ ]*\)$/  {"\2", (void *) \&\2},/p'\'' -e '\''s/^[ABCDGIRSTW]* \([^ ]*\) \([^ ]*\)$/  {"lib\2", (void *) \&\2},/p'\'''
lt_cv_sys_global_symbol_to_cdecl='sed -n -e '\''s/^T .* \(.*\)$/extern int \1();/p'\'' -e '\''s/^[ABCDGIRSTW]* .* \(.*\)$/extern char \1;/p'\'''
lt_cv_sys_max_cmd_len=1572864

## ----------------- ##
## Output variables. ##
## ----------------- ##

ACLOCAL='${SHELL} /home/jtarraga/appl/bioinfo-c/hpg-aligner/lib/argtable2-13/missing --run aclocal-1.10'
AMDEPBACKSLASH='\'
AMDEP_FALSE='#'
AMDEP_TRUE=''
AMTAR='${SHELL} /home/jtarraga/appl/bioinfo-c/hpg-aligner/lib/argtable2-13/missing --run tar'
AR='ar'
AUTOCONF='${SHELL} /home/jtarraga/appl/bioinfo-c/hpg-aligner/lib/argtable2-13/missing --run autoconf'
AUTOHEADER='${SHELL} /home/jtarraga/appl/bioinfo-c/hpg-aligner/lib/argtable2-13/missing --run autoheader'
AUTOMAKE='${SHELL} /home/jtarraga/appl/bioinfo-c/hpg-aligner/lib/argtable2-13/missing --run automake-1.10'
AWK='gawk'
CC='gcc'
CCDEPMODE='depmode=gcc3'
CFLAGS='-g -O2'
CPP='gcc -E'
CPPFLAGS=''
CYGPATH_W='echo'
DEBUGFLAGS='-DNDEBUG'
DEFS='-DHAVE_CONFIG_H'
DEPDIR='.deps'
DSYMUTIL=''
DUMPBIN=''
ECHO_C=''
ECHO_N='-n'
ECHO_T=''
EGREP='/bin/grep -E'
EXEEXT=''
FGREP='/bin/grep -F'
GREP='/bin/grep'
INSTALL_DATA='${INSTALL} -m 644'
INSTALL_PROGRAM='${INSTALL}'
INSTALL_SCRIPT='${INSTALL}'
INSTALL_STRIP_PROGRAM='$(install_sh) -c -s'
LD='/usr/bin/ld -m elf_x86_64'
LDFLAGS=''
LIBOBJS=''
LIBS=''
LIBTOOL='$(SHELL) $(top_builddir)/libtool'
LIPO=''
LN_S='ln -s'
LTLIBOBJS=''
MAKEINFO='${SHELL} /home/jtarraga/appl/bioinfo-c/hpg-aligner/lib/argtable2-13/missing --run makeinfo'
MKDIR_P='/bin/mkdir -p'
NM='/usr/bin/nm -B'
NMEDIT=''
OBJDUMP='objdump'
OBJEXT='o'
OTOOL64=''
OTOOL=''
PACKAGE='argtable2'
PACKAGE_BUGREPORT='sheitmann@users.sourceforge.net'
PACKAGE_NAME='argtable2'
PACKAGE_STRING='argtable2 13'
PACKAGE_TARNAME='argtable2'
PACKAGE_URL=''
PACKAGE_VERSION='13'
PATH_SEPARATOR=':'
POW_LIB=''
RANLIB='ranlib'
SED='/bin/sed'
SET_MAKE=''
SHELL='/bin/bash'
STRIP='strip'
USE_ARGDATE_FALSE='#'
USE_ARGDATE_TRUE=''
USE_ARGREX_FALSE='#'
USE_ARGREX_TRUE=''
USE_SYS_GETOPTLONG_FALSE='#'
USE_SYS_GETOPTLONG_TRUE=''
VERSION='13'
ac_ct_CC='gcc'
ac_ct_DUMPBIN=''
am__fastdepCC_FALSE='#'
am__fastdepCC_TRUE=''
am__include='include'
am__isrc=''
am__leading_dot='.'
am__quote=''
am__tar='${AMTAR} chof - "$$tardir"'
am__untar='${AMTAR} xf -'
bindir='${exec_prefix}/bin'
build='x86_64-unknown-linux-gnu'
build_alias=''
build_cpu='x86_64'
build_os='linux-gnu'
build_vendor='unknown'
datadir='${datarootdir}'
datarootdir='${prefix}/share'
docdir='${datarootdir}/doc/${PACKAGE_TARNAME}'
dvidir='${docdir}'
exampledir='${docdir}/example'
exec_prefix='${prefix}'
host='x86_64-unknown-linux-gnu'
host_alias=''
host_cpu='x86_64'
host_os='linux-gnu'
host_vendor='unknown'
htmldir='${docdir}'
includedir='${prefix}/include'
infodir='${datarootdir}/info'
install_sh='$(SHELL) /home/jtarraga/appl/bioinfo-c/hpg-aligner/lib/argtable2-13/install-sh'
libdir='${exec_prefix}/lib'
libexecdir='${exec_prefix}/libexec'
localedir='${datarootdir}/locale'
localstatedir='${prefix}/var'
lt_ECHO='echo'
mandir='${datarootdir}/man'
mkdir_p='/bin/mkdir -p'
oldincludedir='/usr/include'
pdfdir='${docdir}'
prefix='/usr/local'
program_transform_name='s,x,x,'
psdir='${docdir}'
sbindir='${exec_prefix}/sbin'
sharedstatedir='${prefix}/com'
sysconfdir='${prefix}/etc'
target='x86_64-unknown-linux-gnu'
target_alias=''
target_cpu='x86_64'
target_os='linux-gnu'
target_vendor='unknown'

## ----------- ##
## confdefs.h. ##
## ----------- ##

/* confdefs.h */
#define PACKAGE_NAME "argtable2"
#define PACKAGE_TARNAME "argtable2"
#define PACKAGE_VERSION "13"
#define PACKAGE_STRING "argtable2 13"
#define PACKAGE_BUGREPORT "sheitmann@users.sourceforge.net"
#define PACKAGE_URL ""
#define PACKAGE "argtable2"
#define VERSION "13"
#define STDC_HEADERS 1
#define HAVE_SYS_TYPES_H 1
#define HAVE_SYS_STAT_H 1
#define HAVE_STDLIB_H 1
#define HAVE_STRING_H 1
#define HAVE_MEMORY_H 1
#define HAVE_STRINGS_H 1
#define HAVE_INTTYPES_H 1
#define HAVE_STDINT_H 1
#define HAVE_UNISTD_H 1
#define HAVE_DLFCN_H 1
#define LT_OBJDIR ".libs/"
#define STDC_HEADERS 1
#define HAVE_LIBINTL_H 1
#define HAVE_STDLIB_H 1
#define HAVE_STRING_H 1
#define HAVE_STRINGS_H 1
#define HAVE_UNISTD_H 1
#define HAVE_GETOPT_H 1
#define HAVE_STRFTIME 1
#define HAVE_BZERO 1
#define HAVE_STRCHR 1
#define HAVE_STRCSPN 1
#define HAVE_STRRCHR 1
#define HAVE_STRTOL 1

configure: exit 0
